[ Info: Included as module
┌ Info: Threads: 
└   Threads.nthreads() = 8
┌ Info: Period is
│   hs[1] = 0.04
└   hs[2] = 0.04
┌ Info: Synthesizing for
│   name = "RC"
│   strat = HoldAndKill (generic function with 3 methods)
│   n = 10
└   t = 100
[ Info: Working on constraint: (1, 2)...
[ Info: Working on constraint: (5, 6)...
[ Info: Working on constraint: (3, 5)...
[ Info: Working on constraint: (2, 3)...
[ Info: Working on constraint: (3, 6)...
[ Info: Working on constraint: (2, 4)...
[ Info: Working on constraint: (1, 6)...
[ Info: Working on constraint: (1, 5)...
┌ Info: Constraint: (5, 6)... done in 31.0 seconds.
└   (v, i) = (0.007134, 3)
┌ Info: Constraint: (1, 2)... done in 31.0 seconds.
└   (v, i) = (0.007134, 3)
[ Info: Working on constraint: (1, 3)...
┌ Info: Constraint: (2, 3)... done in 28.0 seconds.
└   (v, i) = (0.007134, 3)
[ Info: Working on constraint: (1, 4)...
┌ Info: Constraint: (3, 5)... done in 48.0 seconds.
└   (v, i) = (0.01367, 4)
[ Info: Working on constraint: (4, 5)...
┌ Info: Constraint: (2, 4)... done in 51.0 seconds.
└   (v, i) = (0.01367, 4)
[ Info: Working on constraint: (3, 4)...
┌ Info: Constraint: (4, 5)... done in 3.6 seconds.
└   (v, i) = (0.007134, 3)
┌ Info: Constraint: (3, 4)... done in 1.7 seconds.
└   (v, i) = (0.007134, 3)
┌ Info: Constraint: (1, 3)... done in 23.0 seconds.
└   (v, i) = (0.01367, 4)
┌ Info: Constraint: (1, 4)... done in 52.0 seconds.
└   (v, i) = (0.01966, 5)
┌ Info: Constraint: (3, 6)... done in 96.0 seconds.
└   (v, i) = (0.01966, 5)
[ Info: Working on constraint: (4, 6)...
┌ Info: Constraint: (4, 6)... done in 4.8 seconds.
└   (v, i) = (0.01367, 4)
┌ Info: Constraint: (1, 5)... done in 120.0 seconds.
└   (v, i) = (0.02516, 6)
[ Info: Working on constraint: (2, 5)...
┌ Info: Constraint: (2, 5)... done in 20.0 seconds.
└   (v, i) = (0.01966, 5)
┌ Info: Constraint: (1, 6)... done in 160.0 seconds.
└   (v, i) = (0.03019, 7)
[ Info: Working on constraint: (2, 6)...
┌ Info: Constraint: (2, 6)... done in 67.0 seconds.
└   (v, i) = (0.02516, 6)
┌ Info: Synthesizing finished for
│   name = "RC"
│   strat = HoldAndKill (generic function with 3 methods)
└   (deviations, indices, time_taken) = ([0.007134 NaN … NaN NaN; 0.01367 0.007134 … NaN NaN; … ; 0.02516 0.01966 … 0.007134 NaN; 0.03019 0.02516 … 0.01367 0.007134], [3 -1 … -1 -1; 4 3 … -1 -1; … ; 6 5 … 3 -1; 7 6 … 4 3], [31.0 NaN … NaN NaN; 23.0 28.0 … NaN NaN; … ; 120.0 20.0 … 3.6 NaN; 160.0 67.0 … 4.8 31.0])
[ Info: Experiment finished.
