[ Info: Included as module
┌ Info: Threads: 
└   Threads.nthreads() = 1
┌ Info: Period is
│   hs[1] = 0.028
└   hs[2] = 0.028
┌ Info: Synthesizing for
│   name = "CC2"
│   strat = HoldAndKill (generic function with 3 methods)
│   n = 20
└   t = 100
┌ Info: System matrices and K:
│   (model[1]).A =
│    4×4 Matrix{Float64}:
│     0.999978  0.0279805  0.000390995  9.04446e-6
│     ⋮                                 
│   (model[1]).B =
│    4×1 Matrix{Float64}:
│     0.0
│     ⋮
│   model[2] =
│    1×4 Matrix{Float64}:
└     -0.176655  0.846146  1.08511  0.0746249
[ Info: Working on constraint: (5, 6)...
┌ Info: Constraint: (5, 6)... done in 30.0 seconds.
└   (v, i) = (0.05845, 94)
┌ Info: Synthesizing finished for
│   name = "CC2"
│   strat = HoldAndKill (generic function with 3 methods)
└   (v, i, time_elapsed) = (0.05845, 94, 30.0)
[ Info: Experiment finished.
