[ Info: Included as module
┌ Info: Threads: 
└   Threads.nthreads() = 8
┌ Info: Period is
│   hs[1] = 0.04
└   hs[2] = 0.04
┌ Info: Synthesizing for
│   name = "DCM"
│   strat = HoldAndKill (generic function with 3 methods)
│   n = 10
└   t = 100
[ Info: Working on constraint: (2, 4)...
[ Info: Working on constraint: (1, 6)...
[ Info: Working on constraint: (2, 3)...
[ Info: Working on constraint: (5, 6)...
[ Info: Working on constraint: (3, 5)...
[ Info: Working on constraint: (3, 6)...
[ Info: Working on constraint: (1, 2)...
[ Info: Working on constraint: (1, 5)...
┌ Info: Constraint: (5, 6)... done in 17.0 seconds.
└   (v, i) = (0.01542, 3)
┌ Info: Constraint: (2, 3)... done in 16.0 seconds.
└   (v, i) = (0.01542, 3)
[ Info: Working on constraint: (1, 4)...
┌ Info: Constraint: (1, 2)... done in 17.0 seconds.
└   (v, i) = (0.01542, 3)
[ Info: Working on constraint: (1, 3)...
┌ Info: Constraint: (3, 5)... done in 25.0 seconds.
└   (v, i) = (0.02818, 4)
[ Info: Working on constraint: (4, 5)...
┌ Info: Constraint: (2, 4)... done in 25.0 seconds.
└   (v, i) = (0.02818, 4)
[ Info: Working on constraint: (3, 4)...
┌ Info: Constraint: (4, 5)... done in 1.0 seconds.
└   (v, i) = (0.01542, 3)
┌ Info: Constraint: (3, 4)... done in 0.8 seconds.
└   (v, i) = (0.01542, 3)
┌ Info: Constraint: (1, 3)... done in 13.0 seconds.
└   (v, i) = (0.02818, 4)
┌ Info: Constraint: (1, 4)... done in 22.0 seconds.
└   (v, i) = (0.03862, 5)
┌ Info: Constraint: (3, 6)... done in 48.0 seconds.
└   (v, i) = (0.03862, 5)
[ Info: Working on constraint: (4, 6)...
┌ Info: Constraint: (4, 6)... done in 4.6 seconds.
└   (v, i) = (0.02818, 4)
┌ Info: Constraint: (1, 5)... done in 62.0 seconds.
└   (v, i) = (0.04707, 6)
[ Info: Working on constraint: (2, 5)...
┌ Info: Constraint: (2, 5)... done in 18.0 seconds.
└   (v, i) = (0.03862, 5)
┌ Info: Constraint: (1, 6)... done in 110.0 seconds.
└   (v, i) = (0.05378, 7)
[ Info: Working on constraint: (2, 6)...
┌ Info: Constraint: (2, 6)... done in 50.0 seconds.
└   (v, i) = (0.04707, 6)
┌ Info: Synthesizing finished for
│   name = "DCM"
│   strat = HoldAndKill (generic function with 3 methods)
└   (deviations, indices, time_taken) = ([0.01542 NaN … NaN NaN; 0.02818 0.01542 … NaN NaN; … ; 0.04707 0.03862 … 0.01542 NaN; 0.05378 0.04707 … 0.02818 0.01542], [3 -1 … -1 -1; 4 3 … -1 -1; … ; 6 5 … 3 -1; 7 6 … 4 3], [17.0 NaN … NaN NaN; 13.0 16.0 … NaN NaN; … ; 62.0 18.0 … 1.0 NaN; 110.0 50.0 … 4.6 17.0])
[ Info: Experiment finished.
