[ Info: Included as module
┌ Info: Threads: 
└   Threads.nthreads() = 8
┌ Info: Period is
│   hs[1] = 0.04
└   hs[2] = 0.04
┌ Info: Synthesizing for
│   name = "F1"
│   strat = HoldAndKill (generic function with 3 methods)
│   n = 15
└   t = 100
[ Info: Working on constraint: (1, 2)...
[ Info: Working on constraint: (1, 6)...
[ Info: Working on constraint: (3, 5)...
[ Info: Working on constraint: (1, 5)...
[ Info: Working on constraint: (2, 4)...
[ Info: Working on constraint: (5, 6)...
[ Info: Working on constraint: (2, 3)...
[ Info: Working on constraint: (3, 6)...
┌ Info: Constraint: (5, 6)... done in 20.0 seconds.
└   (v, i) = (0.01063, 3)
┌ Info: Constraint: (2, 3)... done in 24.0 seconds.
└   (v, i) = (0.01063, 3)
[ Info: Working on constraint: (1, 4)...
┌ Info: Constraint: (1, 2)... done in 31.0 seconds.
└   (v, i) = (0.01063, 3)
[ Info: Working on constraint: (1, 3)...
┌ Info: Constraint: (3, 5)... done in 62.0 seconds.
└   (v, i) = (0.01551, 4)
[ Info: Working on constraint: (4, 5)...
┌ Info: Constraint: (4, 5)... done in 1.2 seconds.
└   (v, i) = (0.01063, 3)
┌ Info: Constraint: (2, 4)... done in 99.0 seconds.
└   (v, i) = (0.01551, 4)
[ Info: Working on constraint: (3, 4)...
┌ Info: Constraint: (3, 4)... done in 1.5 seconds.
└   (v, i) = (0.01063, 3)
┌ Info: Constraint: (1, 3)... done in 150.0 seconds.
└   (v, i) = (0.02117, 7)
┌ Info: Constraint: (1, 4)... done in 360.0 seconds.
└   (v, i) = (1506.0, 76)
┌ Info: Constraint: (3, 6)... done in 480.0 seconds.
└   (v, i) = (0.02519, 6)
[ Info: Working on constraint: (4, 6)...
┌ Info: Constraint: (4, 6)... done in 44.0 seconds.
└   (v, i) = (0.01551, 4)
┌ Info: Constraint: (1, 5)... done in 570.0 seconds.
└   (v, i) = (7583.0, 61)
[ Info: Working on constraint: (2, 5)...
┌ Info: Constraint: (2, 5)... done in 280.0 seconds.
└   (v, i) = (2.173, 96)
┌ Info: Constraint: (1, 6)... done in 1100.0 seconds.
└   (v, i) = (15800.0, 61)
[ Info: Working on constraint: (2, 6)...
┌ Info: Constraint: (2, 6)... done in 810.0 seconds.
└   (v, i) = (469.2, 103)
┌ Info: Synthesizing finished for
│   name = "F1"
│   strat = HoldAndKill (generic function with 3 methods)
└   (deviations, indices, time_taken) = ([0.01063 NaN … NaN NaN; 0.02117 0.01063 … NaN NaN; … ; 7583.0 2.173 … 0.01063 NaN; 15800.0 469.2 … 0.01551 0.01063], [3 -1 … -1 -1; 7 3 … -1 -1; … ; 61 96 … 3 -1; 61 103 … 4 3], [31.0 NaN … NaN NaN; 150.0 24.0 … NaN NaN; … ; 570.0 280.0 … 1.2 NaN; 1100.0 810.0 … 44.0 20.0])
[ Info: Experiment finished.
