[ Info: Included as module
┌ Info: Threads: 
└   Threads.nthreads() = 8
┌ Info: Period is
│   hs[1] = 0.04
└   hs[2] = 0.023
┌ Info: Synthesizing for
│   name = "DCM"
│   strat = HoldAndKill (generic function with 3 methods)
│   n = 10
└   t = 100
[ Info: Working on constraint: (3, 5)...
[ Info: Working on constraint: (2, 4)...
[ Info: Working on constraint: (3, 6)...
[ Info: Working on constraint: (1, 2)...
[ Info: Working on constraint: (2, 3)...
[ Info: Working on constraint: (1, 6)...
[ Info: Working on constraint: (1, 5)...
[ Info: Working on constraint: (5, 6)...
┌ Info: Constraint: (1, 2)... done in 20.0 seconds.
└   (v, i) = (0.01634, 3)
┌ Info: Constraint: (2, 3)... done in 19.0 seconds.
└   (v, i) = (0.01634, 3)
┌ Info: Constraint: (5, 6)... done in 19.0 seconds.
└   (v, i) = (0.01634, 3)
[ Info: Working on constraint: (1, 4)...
[ Info: Working on constraint: (1, 3)...
┌ Info: Constraint: (3, 5)... done in 28.0 seconds.
└   (v, i) = (0.02995, 4)
[ Info: Working on constraint: (4, 5)...
┌ Info: Constraint: (2, 4)... done in 28.0 seconds.
└   (v, i) = (0.02995, 4)
[ Info: Working on constraint: (3, 4)...
┌ Info: Constraint: (4, 5)... done in 0.67 seconds.
└   (v, i) = (0.01634, 3)
┌ Info: Constraint: (3, 4)... done in 0.8 seconds.
└   (v, i) = (0.01634, 3)
┌ Info: Constraint: (1, 3)... done in 12.0 seconds.
└   (v, i) = (0.02995, 4)
┌ Info: Constraint: (3, 6)... done in 51.0 seconds.
└   (v, i) = (0.04108, 5)
[ Info: Working on constraint: (4, 6)...
┌ Info: Constraint: (1, 4)... done in 32.0 seconds.
└   (v, i) = (0.04108, 5)
┌ Info: Constraint: (4, 6)... done in 4.4 seconds.
└   (v, i) = (0.02995, 4)
┌ Info: Constraint: (1, 5)... done in 73.0 seconds.
└   (v, i) = (0.05006, 6)
[ Info: Working on constraint: (2, 5)...
┌ Info: Constraint: (2, 5)... done in 18.0 seconds.
└   (v, i) = (0.04108, 5)
┌ Info: Constraint: (1, 6)... done in 140.0 seconds.
└   (v, i) = (0.05718, 7)
[ Info: Working on constraint: (2, 6)...
┌ Info: Constraint: (2, 6)... done in 50.0 seconds.
└   (v, i) = (0.05006, 6)
┌ Info: Synthesizing finished for
│   name = "DCM"
│   strat = HoldAndKill (generic function with 3 methods)
└   (deviations, indices, time_taken) = ([0.01634 NaN … NaN NaN; 0.02995 0.01634 … NaN NaN; … ; 0.05006 0.04108 … 0.01634 NaN; 0.05718 0.05006 … 0.02995 0.01634], [3 -1 … -1 -1; 4 3 … -1 -1; … ; 6 5 … 3 -1; 7 6 … 4 3], [20.0 NaN … NaN NaN; 12.0 19.0 … NaN NaN; … ; 73.0 18.0 … 0.67 NaN; 140.0 50.0 … 4.4 19.0])
[ Info: Experiment finished.
