[ Info: Included as module
┌ Info: Threads: 
└   Threads.nthreads() = 8
┌ Info: Period is
│   hs[1] = 0.015
└   hs[2] = 0.02
┌ Info: Synthesizing for
│   name = "F1"
│   strat = HoldAndKill (generic function with 3 methods)
│   n = 15
└   t = 100
[ Info: Working on constraint: (1, 2)...
[ Info: Working on constraint: (3, 5)...
[ Info: Working on constraint: (2, 3)...
[ Info: Working on constraint: (3, 6)...
[ Info: Working on constraint: (1, 5)...
[ Info: Working on constraint: (5, 6)...
[ Info: Working on constraint: (1, 6)...
[ Info: Working on constraint: (2, 4)...
┌ Info: Constraint: (5, 6)... done in 18.0 seconds.
└   (v, i) = (0.004459, 3)
┌ Info: Constraint: (2, 3)... done in 20.0 seconds.
└   (v, i) = (0.004459, 3)
[ Info: Working on constraint: (1, 4)...
┌ Info: Constraint: (1, 2)... done in 29.0 seconds.
└   (v, i) = (0.004459, 3)
[ Info: Working on constraint: (1, 3)...
┌ Info: Constraint: (3, 5)... done in 61.0 seconds.
└   (v, i) = (0.007525, 4)
[ Info: Working on constraint: (4, 5)...
┌ Info: Constraint: (4, 5)... done in 1.4 seconds.
└   (v, i) = (0.004459, 3)
┌ Info: Constraint: (2, 4)... done in 130.0 seconds.
└   (v, i) = (0.007525, 4)
[ Info: Working on constraint: (3, 4)...
┌ Info: Constraint: (3, 4)... done in 2.5 seconds.
└   (v, i) = (0.004459, 3)
┌ Info: Constraint: (1, 3)... done in 120.0 seconds.
└   (v, i) = (0.007525, 4)
┌ Info: Constraint: (3, 6)... done in 350.0 seconds.
└   (v, i) = (0.009988, 5)
[ Info: Working on constraint: (4, 6)...
┌ Info: Constraint: (4, 6)... done in 30.0 seconds.
└   (v, i) = (0.007525, 4)
┌ Info: Constraint: (1, 4)... done in 440.0 seconds.
└   (v, i) = (0.009988, 5)
┌ Info: Constraint: (1, 5)... done in 960.0 seconds.
└   (v, i) = (0.02625, 101)
[ Info: Working on constraint: (2, 5)...
┌ Info: Constraint: (2, 5)... done in 270.0 seconds.
└   (v, i) = (0.009988, 5)
┌ Info: Constraint: (1, 6)... done in 2300.0 seconds.
└   (v, i) = (0.4479, 103)
[ Info: Working on constraint: (2, 6)...
┌ Info: Constraint: (2, 6)... done in 860.0 seconds.
└   (v, i) = (0.01189, 6)
┌ Info: Synthesizing finished for
│   name = "F1"
│   strat = HoldAndKill (generic function with 3 methods)
└   (deviations, indices, time_taken) = ([0.004459 NaN … NaN NaN; 0.007525 0.004459 … NaN NaN; … ; 0.02625 0.009988 … 0.004459 NaN; 0.4479 0.01189 … 0.007525 0.004459], [3 -1 … -1 -1; 4 3 … -1 -1; … ; 101 5 … 3 -1; 103 6 … 4 3], [29.0 NaN … NaN NaN; 120.0 20.0 … NaN NaN; … ; 960.0 270.0 … 1.4 NaN; 2300.0 860.0 … 30.0 18.0])
[ Info: Experiment finished.
