[ Info: Included as module
┌ Info: Threads: 
└   Threads.nthreads() = 8
┌ Info: Period is
│   hs[1] = 0.015
└   hs[2] = 0.023
┌ Info: Synthesizing for
│   name = "DCM"
│   strat = HoldAndKill (generic function with 3 methods)
│   n = 10
└   t = 100
[ Info: Working on constraint: (1, 2)...
[ Info: Working on constraint: (5, 6)...
[ Info: Working on constraint: (2, 4)...
[ Info: Working on constraint: (3, 6)...
[ Info: Working on constraint: (1, 6)...
[ Info: Working on constraint: (2, 3)...
[ Info: Working on constraint: (3, 5)...
[ Info: Working on constraint: (1, 5)...
┌ Info: Constraint: (1, 2)... done in 16.0 seconds.
└   (v, i) = (0.006281, 3)
┌ Info: Constraint: (5, 6)... done in 16.0 seconds.
└   (v, i) = (0.006281, 3)
[ Info: Working on constraint: (1, 3)...
┌ Info: Constraint: (2, 3)... done in 15.0 seconds.
└   (v, i) = (0.006281, 3)
[ Info: Working on constraint: (1, 4)...
┌ Info: Constraint: (2, 4)... done in 20.0 seconds.
└   (v, i) = (0.01212, 4)
[ Info: Working on constraint: (3, 4)...
┌ Info: Constraint: (3, 4)... done in 0.39 seconds.
└   (v, i) = (0.006281, 3)
┌ Info: Constraint: (3, 5)... done in 22.0 seconds.
└   (v, i) = (0.01212, 4)
[ Info: Working on constraint: (4, 5)...
┌ Info: Constraint: (4, 5)... done in 0.53 seconds.
└   (v, i) = (0.006281, 3)
┌ Info: Constraint: (1, 3)... done in 6.6 seconds.
└   (v, i) = (0.01212, 4)
┌ Info: Constraint: (1, 4)... done in 21.0 seconds.
└   (v, i) = (0.01756, 5)
┌ Info: Constraint: (3, 6)... done in 58.0 seconds.
└   (v, i) = (0.01756, 5)
[ Info: Working on constraint: (4, 6)...
┌ Info: Constraint: (4, 6)... done in 4.6 seconds.
└   (v, i) = (0.01212, 4)
┌ Info: Constraint: (1, 5)... done in 66.0 seconds.
└   (v, i) = (0.02263, 6)
[ Info: Working on constraint: (2, 5)...
┌ Info: Constraint: (2, 5)... done in 18.0 seconds.
└   (v, i) = (0.01756, 5)
┌ Info: Constraint: (1, 6)... done in 110.0 seconds.
└   (v, i) = (0.02734, 7)
[ Info: Working on constraint: (2, 6)...
┌ Info: Constraint: (2, 6)... done in 50.0 seconds.
└   (v, i) = (0.02263, 6)
┌ Info: Synthesizing finished for
│   name = "DCM"
│   strat = HoldAndKill (generic function with 3 methods)
└   (deviations, indices, time_taken) = ([0.006281 NaN … NaN NaN; 0.01212 0.006281 … NaN NaN; … ; 0.02263 0.01756 … 0.006281 NaN; 0.02734 0.02263 … 0.01212 0.006281], [3 -1 … -1 -1; 4 3 … -1 -1; … ; 6 5 … 3 -1; 7 6 … 4 3], [16.0 NaN … NaN NaN; 6.6 15.0 … NaN NaN; … ; 66.0 18.0 … 0.53 NaN; 110.0 50.0 … 4.6 16.0])
[ Info: Experiment finished.
