[ Info: Included as module
┌ Info: Threads: 
└   Threads.nthreads() = 8
┌ Info: Period is
│   hs[1] = 0.027
└   hs[2] = 0.027
┌ Info: Synthesizing for
│   name = "CSS"
│   strat = HoldAndKill (generic function with 3 methods)
│   n = 15
└   t = 100
[ Info: Working on constraint: (3, 6)...
[ Info: Working on constraint: (5, 6)...
[ Info: Working on constraint: (2, 4)...
[ Info: Working on constraint: (3, 5)...
[ Info: Working on constraint: (2, 3)...
[ Info: Working on constraint: (1, 2)...
[ Info: Working on constraint: (1, 6)...
[ Info: Working on constraint: (1, 5)...
┌ Info: Constraint: (5, 6)... done in 33.0 seconds.
└   (v, i) = (0.07106, 3)
┌ Info: Constraint: (2, 3)... done in 47.0 seconds.
└   (v, i) = (0.07106, 3)
[ Info: Working on constraint: (1, 4)...
┌ Info: Constraint: (1, 2)... done in 110.0 seconds.
└   (v, i) = (0.07106, 3)
[ Info: Working on constraint: (1, 3)...
┌ Info: Constraint: (3, 5)... done in 640.0 seconds.
└   (v, i) = (0.07919, 4)
[ Info: Working on constraint: (4, 5)...
┌ Info: Constraint: (4, 5)... done in 16.0 seconds.
└   (v, i) = (0.07106, 3)
┌ Info: Constraint: (2, 4)... done in 920.0 seconds.
└   (v, i) = (0.07919, 4)
[ Info: Working on constraint: (3, 4)...
┌ Info: Constraint: (3, 4)... done in 35.0 seconds.
└   (v, i) = (0.07106, 3)
┌ Info: Constraint: (1, 3)... done in 1400.0 seconds.
└   (v, i) = (0.07919, 4)
┌ Info: Constraint: (3, 6)... done in 3000.0 seconds.
└   (v, i) = (0.08397, 5)
[ Info: Working on constraint: (4, 6)...
┌ Info: Constraint: (4, 6)... done in 210.0 seconds.
└   (v, i) = (0.07919, 4)
┌ Info: Constraint: (1, 4)... done in 3300.0 seconds.
└   (v, i) = (0.08397, 5)
┌ Info: Constraint: (1, 5)... done in 5600.0 seconds.
└   (v, i) = (0.08776, 6)
[ Info: Working on constraint: (2, 5)...
┌ Info: Constraint: (2, 5)... done in 1200.0 seconds.
└   (v, i) = (0.08397, 5)
┌ Info: Constraint: (1, 6)... done in 10000.0 seconds.
└   (v, i) = (0.09101, 7)
[ Info: Working on constraint: (2, 6)...
┌ Info: Constraint: (2, 6)... done in 3700.0 seconds.
└   (v, i) = (0.08776, 6)
┌ Info: Synthesizing finished for
│   name = "CSS"
│   strat = HoldAndKill (generic function with 3 methods)
└   (deviations, indices, time_taken) = ([0.07106 NaN … NaN NaN; 0.07919 0.07106 … NaN NaN; … ; 0.08776 0.08397 … 0.07106 NaN; 0.09101 0.08776 … 0.07919 0.07106], [3 -1 … -1 -1; 4 3 … -1 -1; … ; 6 5 … 3 -1; 7 6 … 4 3], [110.0 NaN … NaN NaN; 1400.0 47.0 … NaN NaN; … ; 5600.0 1200.0 … 16.0 NaN; 10000.0 3700.0 … 210.0 33.0])
[ Info: Experiment finished.
