[ Info: Included as module
┌ Info: Threads: 
└   Threads.nthreads() = 8
┌ Info: Period is
│   hs[1] = 0.015
└   hs[2] = 0.027
┌ Info: Synthesizing for
│   name = "CSS"
│   strat = HoldAndKill (generic function with 3 methods)
│   n = 15
└   t = 100
[ Info: Working on constraint: (1, 2)...
[ Info: Working on constraint: (1, 6)...
[ Info: Working on constraint: (1, 5)...
[ Info: Working on constraint: (2, 4)...
[ Info: Working on constraint: (3, 5)...
[ Info: Working on constraint: (2, 3)...
[ Info: Working on constraint: (3, 6)...
[ Info: Working on constraint: (5, 6)...
┌ Info: Constraint: (5, 6)... done in 23.0 seconds.
└   (v, i) = (0.05177, 3)
┌ Info: Constraint: (2, 3)... done in 40.0 seconds.
└   (v, i) = (0.05177, 3)
[ Info: Working on constraint: (1, 4)...
┌ Info: Constraint: (1, 2)... done in 56.0 seconds.
└   (v, i) = (0.05177, 3)
[ Info: Working on constraint: (1, 3)...
┌ Info: Constraint: (2, 4)... done in 330.0 seconds.
└   (v, i) = (0.06649, 4)
[ Info: Working on constraint: (3, 4)...
┌ Info: Constraint: (3, 4)... done in 7.8 seconds.
└   (v, i) = (0.05177, 3)
┌ Info: Constraint: (3, 5)... done in 350.0 seconds.
└   (v, i) = (0.06649, 4)
[ Info: Working on constraint: (4, 5)...
┌ Info: Constraint: (4, 5)... done in 7.8 seconds.
└   (v, i) = (0.05177, 3)
┌ Info: Constraint: (1, 3)... done in 500.0 seconds.
└   (v, i) = (0.06649, 4)
┌ Info: Constraint: (3, 6)... done in 1700.0 seconds.
└   (v, i) = (0.07485, 5)
[ Info: Working on constraint: (4, 6)...
┌ Info: Constraint: (4, 6)... done in 130.0 seconds.
└   (v, i) = (0.06649, 4)
┌ Info: Constraint: (1, 4)... done in 2600.0 seconds.
└   (v, i) = (0.07485, 5)
┌ Info: Constraint: (1, 5)... done in 4300.0 seconds.
└   (v, i) = (0.07942, 6)
[ Info: Working on constraint: (2, 5)...
┌ Info: Constraint: (2, 5)... done in 1200.0 seconds.
└   (v, i) = (0.07485, 5)
┌ Info: Constraint: (1, 6)... done in 9500.0 seconds.
└   (v, i) = (0.08258, 7)
[ Info: Working on constraint: (2, 6)...
┌ Info: Constraint: (2, 6)... done in 4000.0 seconds.
└   (v, i) = (0.07942, 6)
┌ Info: Synthesizing finished for
│   name = "CSS"
│   strat = HoldAndKill (generic function with 3 methods)
└   (deviations, indices, time_taken) = ([0.05177 NaN … NaN NaN; 0.06649 0.05177 … NaN NaN; … ; 0.07942 0.07485 … 0.05177 NaN; 0.08258 0.07942 … 0.06649 0.05177], [3 -1 … -1 -1; 4 3 … -1 -1; … ; 6 5 … 3 -1; 7 6 … 4 3], [56.0 NaN … NaN NaN; 500.0 40.0 … NaN NaN; … ; 4300.0 1200.0 … 7.8 NaN; 9500.0 4000.0 … 130.0 23.0])
[ Info: Experiment finished.
