[ Info: Included as module
┌ Info: Threads: 
└   Threads.nthreads() = 8
┌ Info: Period is
│   hs[1] = 0.015
└   hs[2] = 0.015
┌ Info: Synthesizing for
│   name = "RC"
│   strat = HoldAndKill (generic function with 3 methods)
│   n = 10
└   t = 100
[ Info: Working on constraint: (1, 5)...
[ Info: Working on constraint: (1, 6)...
[ Info: Working on constraint: (3, 6)...
[ Info: Working on constraint: (2, 4)...
[ Info: Working on constraint: (2, 3)...
[ Info: Working on constraint: (1, 2)...
[ Info: Working on constraint: (5, 6)...
[ Info: Working on constraint: (3, 5)...
┌ Info: Constraint: (2, 3)... done in 18.0 seconds.
└   (v, i) = (0.002938, 5)
┌ Info: Constraint: (1, 2)... done in 19.0 seconds.
└   (v, i) = (0.002938, 5)
[ Info: Working on constraint: (1, 4)...
[ Info: Working on constraint: (1, 3)...
┌ Info: Constraint: (5, 6)... done in 19.0 seconds.
└   (v, i) = (0.002938, 5)
┌ Info: Constraint: (3, 5)... done in 27.0 seconds.
└   (v, i) = (0.005769, 5)
[ Info: Working on constraint: (4, 5)...
┌ Info: Constraint: (4, 5)... done in 1.2 seconds.
└   (v, i) = (0.002938, 5)
┌ Info: Constraint: (2, 4)... done in 29.0 seconds.
└   (v, i) = (0.005769, 5)
[ Info: Working on constraint: (3, 4)...
┌ Info: Constraint: (3, 4)... done in 1.1 seconds.
└   (v, i) = (0.002938, 5)
┌ Info: Constraint: (1, 3)... done in 13.0 seconds.
└   (v, i) = (0.005769, 5)
┌ Info: Constraint: (1, 4)... done in 36.0 seconds.
└   (v, i) = (0.008499, 6)
┌ Info: Constraint: (3, 6)... done in 65.0 seconds.
└   (v, i) = (0.008499, 6)
[ Info: Working on constraint: (4, 6)...
┌ Info: Constraint: (4, 6)... done in 8.0 seconds.
└   (v, i) = (0.005769, 5)
┌ Info: Constraint: (1, 5)... done in 110.0 seconds.
└   (v, i) = (0.01114, 6)
[ Info: Working on constraint: (2, 5)...
┌ Info: Constraint: (2, 5)... done in 34.0 seconds.
└   (v, i) = (0.008499, 6)
┌ Info: Constraint: (1, 6)... done in 180.0 seconds.
└   (v, i) = (0.01368, 7)
[ Info: Working on constraint: (2, 6)...
┌ Info: Constraint: (2, 6)... done in 95.0 seconds.
└   (v, i) = (0.01114, 6)
┌ Info: Synthesizing finished for
│   name = "RC"
│   strat = HoldAndKill (generic function with 3 methods)
└   (deviations, indices, time_taken) = ([0.002938 NaN … NaN NaN; 0.005769 0.002938 … NaN NaN; … ; 0.01114 0.008499 … 0.002938 NaN; 0.01368 0.01114 … 0.005769 0.002938], [5 -1 … -1 -1; 5 5 … -1 -1; … ; 6 6 … 5 -1; 7 6 … 5 5], [19.0 NaN … NaN NaN; 13.0 18.0 … NaN NaN; … ; 110.0 34.0 … 1.2 NaN; 180.0 95.0 … 8.0 19.0])
[ Info: Experiment finished.
