[ Info: Included as module
┌ Info: Threads: 
└   Threads.nthreads() = 1
┌ Info: Period is
│   hs[1] = 0.04
└   hs[2] = 0.027
┌ Info: Using controller design method
└   ctrl = "delay_lqr"
┌ Info: Synthesizing for
│   name = "CSS"
│   strat = HoldAndKill (generic function with 3 methods)
│   n = 15
│   t = 100
└   x_0 = 100
┌ Info: System matrices and K
│   A =
│    5×5 Matrix{Float64}:
│     0.99586  0.0378696  0.00212669  0.00160493  0.0341116
│     ⋮                                           
│   B =
│    5×1 Matrix{Float64}:
│     0.0
│     ⋮
│   K =
│    1×5 Matrix{Float64}:
└     -0.0609789  -0.0296375  0.156903  -0.0019465  0.197149
┌ Info: Poles are
│   poles =
│    1×5 adjoint(::Vector{Float64}) with eltype Float64:
└     0.16  0.16  0.9  0.97  0.97
[ Info: Working on constraint: (5, 6)...
┌ Info: Constraint: (5, 6)... done in 25.0 seconds.
└   (v, i) = (8.201, 4)
┌ Info: Synthesizing finished for
│   name = "CSS"
│   strat = HoldAndKill (generic function with 3 methods)
└   (v, i, time_elapsed) = (8.201, 4, 25.0)
[ Info: Experiment finished.
