[ Info: Included as module
┌ Info: Threads: 
└   Threads.nthreads() = 8
┌ Info: Period is
│   hs[1] = 0.028
└   hs[2] = 0.02
┌ Info: Synthesizing for
│   name = "F1"
│   strat = HoldAndKill (generic function with 3 methods)
│   n = 15
└   t = 100
[ Info: Working on constraint: (1, 2)...
[ Info: Working on constraint: (1, 6)...
[ Info: Working on constraint: (1, 5)...
[ Info: Working on constraint: (5, 6)...
[ Info: Working on constraint: (3, 6)...
[ Info: Working on constraint: (2, 4)...
[ Info: Working on constraint: (2, 3)...
[ Info: Working on constraint: (3, 5)...
┌ Info: Constraint: (5, 6)... done in 23.0 seconds.
└   (v, i) = (0.008324, 3)
┌ Info: Constraint: (2, 3)... done in 23.0 seconds.
└   (v, i) = (0.008324, 3)
[ Info: Working on constraint: (1, 4)...
┌ Info: Constraint: (1, 2)... done in 33.0 seconds.
└   (v, i) = (0.008324, 3)
[ Info: Working on constraint: (1, 3)...
┌ Info: Constraint: (3, 5)... done in 96.0 seconds.
└   (v, i) = (0.01432, 4)
[ Info: Working on constraint: (4, 5)...
┌ Info: Constraint: (4, 5)... done in 2.4 seconds.
└   (v, i) = (0.008324, 3)
┌ Info: Constraint: (2, 4)... done in 130.0 seconds.
└   (v, i) = (0.01432, 4)
[ Info: Working on constraint: (3, 4)...
┌ Info: Constraint: (3, 4)... done in 2.6 seconds.
└   (v, i) = (0.008324, 3)
┌ Info: Constraint: (1, 3)... done in 170.0 seconds.
└   (v, i) = (0.01432, 4)
┌ Info: Constraint: (3, 6)... done in 550.0 seconds.
└   (v, i) = (0.01722, 5)
[ Info: Working on constraint: (4, 6)...
┌ Info: Constraint: (4, 6)... done in 48.0 seconds.
└   (v, i) = (0.01432, 4)
┌ Info: Constraint: (1, 4)... done in 730.0 seconds.
└   (v, i) = (2.508, 100)
┌ Info: Constraint: (1, 5)... done in 1300.0 seconds.
└   (v, i) = (3657.0, 106)
[ Info: Working on constraint: (2, 5)...
┌ Info: Constraint: (2, 5)... done in 360.0 seconds.
└   (v, i) = (1.78, 100)
┌ Info: Constraint: (1, 6)... done in 1900.0 seconds.
└   (v, i) = (7180.0, 88)
[ Info: Working on constraint: (2, 6)...
┌ Info: Constraint: (2, 6)... done in 960.0 seconds.
└   (v, i) = (119.6, 102)
┌ Info: Synthesizing finished for
│   name = "F1"
│   strat = HoldAndKill (generic function with 3 methods)
└   (deviations, indices, time_taken) = ([0.008324 NaN … NaN NaN; 0.01432 0.008324 … NaN NaN; … ; 3657.0 1.78 … 0.008324 NaN; 7180.0 119.6 … 0.01432 0.008324], [3 -1 … -1 -1; 4 3 … -1 -1; … ; 106 100 … 3 -1; 88 102 … 4 3], [33.0 NaN … NaN NaN; 170.0 23.0 … NaN NaN; … ; 1300.0 360.0 … 2.4 NaN; 1900.0 960.0 … 48.0 23.0])
[ Info: Experiment finished.
