[ Info: Included as module
┌ Info: Threads: 
└   Threads.nthreads() = 8
┌ Info: Period is
│   hs[1] = 0.015
└   hs[2] = 0.015
┌ Info: Synthesizing for
│   name = "F1"
│   strat = HoldAndKill (generic function with 3 methods)
│   n = 15
└   t = 100
[ Info: Working on constraint: (2, 3)...
[ Info: Working on constraint: (5, 6)...
[ Info: Working on constraint: (1, 6)...
[ Info: Working on constraint: (1, 2)...
[ Info: Working on constraint: (1, 5)...
[ Info: Working on constraint: (2, 4)...
[ Info: Working on constraint: (3, 6)...
[ Info: Working on constraint: (3, 5)...
┌ Info: Constraint: (5, 6)... done in 22.0 seconds.
└   (v, i) = (0.004587, 3)
┌ Info: Constraint: (2, 3)... done in 25.0 seconds.
└   (v, i) = (0.004587, 3)
[ Info: Working on constraint: (1, 4)...
┌ Info: Constraint: (1, 2)... done in 32.0 seconds.
└   (v, i) = (0.004587, 3)
[ Info: Working on constraint: (1, 3)...
┌ Info: Constraint: (3, 5)... done in 83.0 seconds.
└   (v, i) = (0.008115, 4)
[ Info: Working on constraint: (4, 5)...
┌ Info: Constraint: (4, 5)... done in 2.3 seconds.
└   (v, i) = (0.004587, 3)
┌ Info: Constraint: (2, 4)... done in 110.0 seconds.
└   (v, i) = (0.008115, 4)
[ Info: Working on constraint: (3, 4)...
┌ Info: Constraint: (3, 4)... done in 1.6 seconds.
└   (v, i) = (0.004587, 3)
┌ Info: Constraint: (1, 3)... done in 190.0 seconds.
└   (v, i) = (0.008115, 4)
┌ Info: Constraint: (1, 4)... done in 530.0 seconds.
└   (v, i) = (0.01079, 5)
┌ Info: Constraint: (3, 6)... done in 610.0 seconds.
└   (v, i) = (0.01079, 5)
[ Info: Working on constraint: (4, 6)...
┌ Info: Constraint: (4, 6)... done in 47.0 seconds.
└   (v, i) = (0.008115, 4)
┌ Info: Constraint: (1, 5)... done in 1300.0 seconds.
└   (v, i) = (0.02725, 101)
[ Info: Working on constraint: (2, 5)...
┌ Info: Constraint: (2, 5)... done in 410.0 seconds.
└   (v, i) = (0.01079, 5)
┌ Info: Constraint: (1, 6)... done in 3100.0 seconds.
└   (v, i) = (0.6097, 103)
[ Info: Working on constraint: (2, 6)...
┌ Info: Constraint: (2, 6)... done in 1500.0 seconds.
└   (v, i) = (0.02081, 102)
┌ Info: Synthesizing finished for
│   name = "F1"
│   strat = HoldAndKill (generic function with 3 methods)
└   (deviations, indices, time_taken) = ([0.004587 NaN … NaN NaN; 0.008115 0.004587 … NaN NaN; … ; 0.02725 0.01079 … 0.004587 NaN; 0.6097 0.02081 … 0.008115 0.004587], [3 -1 … -1 -1; 4 3 … -1 -1; … ; 101 5 … 3 -1; 103 102 … 4 3], [32.0 NaN … NaN NaN; 190.0 25.0 … NaN NaN; … ; 1300.0 410.0 … 2.3 NaN; 3100.0 1500.0 … 47.0 22.0])
[ Info: Experiment finished.
