[ Info: Included as module
┌ Info: Threads: 
└   Threads.nthreads() = 8
┌ Info: Period is
│   hs[1] = 0.04
└   hs[2] = 0.04
┌ Info: Synthesizing for
│   name = "CSS"
│   strat = HoldAndKill (generic function with 3 methods)
│   n = 15
└   t = 100
[ Info: Working on constraint: (1, 2)...
[ Info: Working on constraint: (2, 3)...
[ Info: Working on constraint: (3, 5)...
[ Info: Working on constraint: (1, 6)...
[ Info: Working on constraint: (1, 5)...
[ Info: Working on constraint: (3, 6)...
[ Info: Working on constraint: (2, 4)...
[ Info: Working on constraint: (5, 6)...
┌ Info: Constraint: (5, 6)... done in 27.0 seconds.
└   (v, i) = (0.07728, 3)
┌ Info: Constraint: (2, 3)... done in 36.0 seconds.
└   (v, i) = (0.07728, 3)
[ Info: Working on constraint: (1, 4)...
┌ Info: Constraint: (1, 2)... done in 49.0 seconds.
└   (v, i) = (0.07728, 3)
[ Info: Working on constraint: (1, 3)...
┌ Info: Constraint: (3, 5)... done in 340.0 seconds.
└   (v, i) = (0.08442, 4)
[ Info: Working on constraint: (4, 5)...
┌ Info: Constraint: (4, 5)... done in 9.2 seconds.
└   (v, i) = (0.07728, 3)
┌ Info: Constraint: (2, 4)... done in 530.0 seconds.
└   (v, i) = (0.08442, 4)
[ Info: Working on constraint: (3, 4)...
┌ Info: Constraint: (3, 4)... done in 11.0 seconds.
└   (v, i) = (0.07728, 3)
┌ Info: Constraint: (1, 3)... done in 690.0 seconds.
└   (v, i) = (0.08442, 4)
┌ Info: Constraint: (1, 4)... done in 2100.0 seconds.
└   (v, i) = (0.08979, 5)
┌ Info: Constraint: (3, 6)... done in 2400.0 seconds.
└   (v, i) = (0.08979, 5)
[ Info: Working on constraint: (4, 6)...
┌ Info: Constraint: (4, 6)... done in 210.0 seconds.
└   (v, i) = (0.08442, 4)
┌ Info: Constraint: (1, 5)... done in 4300.0 seconds.
└   (v, i) = (0.0941, 6)
[ Info: Working on constraint: (2, 5)...
┌ Info: Constraint: (2, 5)... done in 1200.0 seconds.
└   (v, i) = (0.08979, 5)
┌ Info: Constraint: (1, 6)... done in 8600.0 seconds.
└   (v, i) = (0.09737, 7)
[ Info: Working on constraint: (2, 6)...
┌ Info: Constraint: (2, 6)... done in 3700.0 seconds.
└   (v, i) = (0.0941, 6)
┌ Info: Synthesizing finished for
│   name = "CSS"
│   strat = HoldAndKill (generic function with 3 methods)
└   (deviations, indices, time_taken) = ([0.07728 NaN … NaN NaN; 0.08442 0.07728 … NaN NaN; … ; 0.0941 0.08979 … 0.07728 NaN; 0.09737 0.0941 … 0.08442 0.07728], [3 -1 … -1 -1; 4 3 … -1 -1; … ; 6 5 … 3 -1; 7 6 … 4 3], [49.0 NaN … NaN NaN; 690.0 36.0 … NaN NaN; … ; 4300.0 1200.0 … 9.2 NaN; 8600.0 3700.0 … 210.0 27.0])
[ Info: Experiment finished.
