[ Info: Included as module
┌ Info: Threads: 
└   Threads.nthreads() = 8
┌ Info: Period is
│   hs[1] = 0.028
└   hs[2] = 0.028
┌ Info: Synthesizing for
│   name = "CSS"
│   strat = HoldAndKill (generic function with 3 methods)
│   n = 15
└   t = 100
[ Info: Working on constraint: (1, 5)...
[ Info: Working on constraint: (3, 6)...
[ Info: Working on constraint: (3, 5)...
[ Info: Working on constraint: (2, 4)...
[ Info: Working on constraint: (2, 3)...
[ Info: Working on constraint: (1, 2)...
[ Info: Working on constraint: (1, 6)...
[ Info: Working on constraint: (5, 6)...
┌ Info: Constraint: (5, 6)... done in 32.0 seconds.
└   (v, i) = (0.07177, 3)
┌ Info: Constraint: (2, 3)... done in 45.0 seconds.
└   (v, i) = (0.07177, 3)
[ Info: Working on constraint: (1, 4)...
┌ Info: Constraint: (1, 2)... done in 92.0 seconds.
└   (v, i) = (0.07177, 3)
[ Info: Working on constraint: (1, 3)...
┌ Info: Constraint: (3, 5)... done in 420.0 seconds.
└   (v, i) = (0.07969, 4)
[ Info: Working on constraint: (4, 5)...
┌ Info: Constraint: (4, 5)... done in 9.7 seconds.
└   (v, i) = (0.07177, 3)
┌ Info: Constraint: (2, 4)... done in 580.0 seconds.
└   (v, i) = (0.07969, 4)
[ Info: Working on constraint: (3, 4)...
┌ Info: Constraint: (3, 4)... done in 14.0 seconds.
└   (v, i) = (0.07177, 3)
┌ Info: Constraint: (1, 3)... done in 960.0 seconds.
└   (v, i) = (0.07969, 4)
┌ Info: Constraint: (3, 6)... done in 2800.0 seconds.
└   (v, i) = (0.08448, 5)
[ Info: Working on constraint: (4, 6)...
┌ Info: Constraint: (4, 6)... done in 230.0 seconds.
└   (v, i) = (0.07969, 4)
┌ Info: Constraint: (1, 4)... done in 3100.0 seconds.
└   (v, i) = (0.08448, 5)
┌ Info: Constraint: (1, 5)... done in 7200.0 seconds.
└   (v, i) = (0.08832, 6)
[ Info: Working on constraint: (2, 5)...
┌ Info: Constraint: (2, 5)... done in 2000.0 seconds.
└   (v, i) = (0.08448, 5)
┌ Info: Constraint: (1, 6)... done in 13000.0 seconds.
└   (v, i) = (0.0916, 7)
[ Info: Working on constraint: (2, 6)...
┌ Info: Constraint: (2, 6)... done in 4000.0 seconds.
└   (v, i) = (0.08832, 6)
┌ Info: Synthesizing finished for
│   name = "CSS"
│   strat = HoldAndKill (generic function with 3 methods)
└   (deviations, indices, time_taken) = ([0.07177 NaN … NaN NaN; 0.07969 0.07177 … NaN NaN; … ; 0.08832 0.08448 … 0.07177 NaN; 0.0916 0.08832 … 0.07969 0.07177], [3 -1 … -1 -1; 4 3 … -1 -1; … ; 6 5 … 3 -1; 7 6 … 4 3], [92.0 NaN … NaN NaN; 960.0 45.0 … NaN NaN; … ; 7200.0 2000.0 … 9.7 NaN; 13000.0 4000.0 … 230.0 32.0])
[ Info: Experiment finished.
