[ Info: Included as module
┌ Info: Threads: 
└   Threads.nthreads() = 8
┌ Info: Period is
│   hs[1] = 0.028
└   hs[2] = 0.028
┌ Info: Synthesizing for
│   name = "F1"
│   strat = HoldAndKill (generic function with 3 methods)
│   n = 15
└   t = 100
[ Info: Working on constraint: (1, 2)...
[ Info: Working on constraint: (3, 5)...
[ Info: Working on constraint: (2, 3)...
[ Info: Working on constraint: (1, 5)...
[ Info: Working on constraint: (1, 6)...
[ Info: Working on constraint: (2, 4)...
[ Info: Working on constraint: (5, 6)...
[ Info: Working on constraint: (3, 6)...
┌ Info: Constraint: (5, 6)... done in 25.0 seconds.
└   (v, i) = (0.007956, 3)
┌ Info: Constraint: (2, 3)... done in 27.0 seconds.
└   (v, i) = (0.007956, 3)
[ Info: Working on constraint: (1, 4)...
┌ Info: Constraint: (1, 2)... done in 35.0 seconds.
└   (v, i) = (0.007956, 3)
[ Info: Working on constraint: (1, 3)...
┌ Info: Constraint: (3, 5)... done in 130.0 seconds.
└   (v, i) = (0.01271, 4)
[ Info: Working on constraint: (4, 5)...
┌ Info: Constraint: (4, 5)... done in 2.5 seconds.
└   (v, i) = (0.007956, 3)
┌ Info: Constraint: (2, 4)... done in 150.0 seconds.
└   (v, i) = (0.01271, 4)
[ Info: Working on constraint: (3, 4)...
┌ Info: Constraint: (3, 4)... done in 2.8 seconds.
└   (v, i) = (0.007956, 3)
┌ Info: Constraint: (1, 3)... done in 200.0 seconds.
└   (v, i) = (0.01271, 4)
┌ Info: Constraint: (3, 6)... done in 600.0 seconds.
└   (v, i) = (0.01533, 5)
[ Info: Working on constraint: (4, 6)...
┌ Info: Constraint: (4, 6)... done in 36.0 seconds.
└   (v, i) = (0.01271, 4)
┌ Info: Constraint: (1, 4)... done in 650.0 seconds.
└   (v, i) = (0.1663, 99)
┌ Info: Constraint: (1, 5)... done in 1100.0 seconds.
└   (v, i) = (1322.0, 91)
[ Info: Working on constraint: (2, 5)...
┌ Info: Constraint: (2, 5)... done in 430.0 seconds.
└   (v, i) = (0.01632, 10)
┌ Info: Constraint: (1, 6)... done in 2000.0 seconds.
└   (v, i) = (11480.0, 91)
[ Info: Working on constraint: (2, 6)...
┌ Info: Constraint: (2, 6)... done in 880.0 seconds.
└   (v, i) = (0.5388, 102)
┌ Info: Synthesizing finished for
│   name = "F1"
│   strat = HoldAndKill (generic function with 3 methods)
└   (deviations, indices, time_taken) = ([0.007956 NaN … NaN NaN; 0.01271 0.007956 … NaN NaN; … ; 1322.0 0.01632 … 0.007956 NaN; 11480.0 0.5388 … 0.01271 0.007956], [3 -1 … -1 -1; 4 3 … -1 -1; … ; 91 10 … 3 -1; 91 102 … 4 3], [35.0 NaN … NaN NaN; 200.0 27.0 … NaN NaN; … ; 1100.0 430.0 … 2.5 NaN; 2000.0 880.0 … 36.0 25.0])
[ Info: Experiment finished.
