[ Info: Included as module
┌ Info: Threads: 
└   Threads.nthreads() = 8
┌ Info: Period is
│   hs[1] = 0.028
└   hs[2] = 0.027
┌ Info: Synthesizing for
│   name = "CSS"
│   strat = HoldAndKill (generic function with 3 methods)
│   n = 15
└   t = 100
[ Info: Working on constraint: (1, 2)...
[ Info: Working on constraint: (5, 6)...
[ Info: Working on constraint: (3, 6)...
[ Info: Working on constraint: (2, 4)...
[ Info: Working on constraint: (2, 3)...
[ Info: Working on constraint: (3, 5)...
[ Info: Working on constraint: (1, 6)...
[ Info: Working on constraint: (1, 5)...
┌ Info: Constraint: (5, 6)... done in 37.0 seconds.
└   (v, i) = (0.07217, 3)
┌ Info: Constraint: (2, 3)... done in 44.0 seconds.
└   (v, i) = (0.07217, 3)
[ Info: Working on constraint: (1, 4)...
┌ Info: Constraint: (1, 2)... done in 100.0 seconds.
└   (v, i) = (0.07217, 3)
[ Info: Working on constraint: (1, 3)...
┌ Info: Constraint: (3, 5)... done in 430.0 seconds.
└   (v, i) = (0.07979, 4)
[ Info: Working on constraint: (4, 5)...
┌ Info: Constraint: (4, 5)... done in 11.0 seconds.
└   (v, i) = (0.07217, 3)
┌ Info: Constraint: (2, 4)... done in 590.0 seconds.
└   (v, i) = (0.07979, 4)
[ Info: Working on constraint: (3, 4)...
┌ Info: Constraint: (3, 4)... done in 12.0 seconds.
└   (v, i) = (0.07217, 3)
┌ Info: Constraint: (1, 3)... done in 800.0 seconds.
└   (v, i) = (0.07979, 4)
┌ Info: Constraint: (3, 6)... done in 2300.0 seconds.
└   (v, i) = (0.08444, 5)
[ Info: Working on constraint: (4, 6)...
┌ Info: Constraint: (1, 4)... done in 2400.0 seconds.
└   (v, i) = (0.08444, 5)
┌ Info: Constraint: (4, 6)... done in 190.0 seconds.
└   (v, i) = (0.07979, 4)
┌ Info: Constraint: (1, 5)... done in 5000.0 seconds.
└   (v, i) = (0.08828, 6)
[ Info: Working on constraint: (2, 5)...
┌ Info: Constraint: (2, 5)... done in 1300.0 seconds.
└   (v, i) = (0.08444, 5)
┌ Info: Constraint: (1, 6)... done in 9700.0 seconds.
└   (v, i) = (0.09156, 7)
[ Info: Working on constraint: (2, 6)...
┌ Info: Constraint: (2, 6)... done in 4100.0 seconds.
└   (v, i) = (0.08828, 6)
┌ Info: Synthesizing finished for
│   name = "CSS"
│   strat = HoldAndKill (generic function with 3 methods)
└   (deviations, indices, time_taken) = ([0.07217 NaN … NaN NaN; 0.07979 0.07217 … NaN NaN; … ; 0.08828 0.08444 … 0.07217 NaN; 0.09156 0.08828 … 0.07979 0.07217], [3 -1 … -1 -1; 4 3 … -1 -1; … ; 6 5 … 3 -1; 7 6 … 4 3], [100.0 NaN … NaN NaN; 800.0 44.0 … NaN NaN; … ; 5000.0 1300.0 … 11.0 NaN; 9700.0 4100.0 … 190.0 37.0])
[ Info: Experiment finished.
