[ Info: Included as module
┌ Info: Threads: 
└   Threads.nthreads() = 8
┌ Info: Period is
│   hs[1] = 0.04
└   hs[2] = 0.027
┌ Info: Synthesizing for
│   name = "CSS"
│   strat = HoldAndKill (generic function with 3 methods)
│   n = 15
└   t = 100
[ Info: Working on constraint: (1, 2)...
[ Info: Working on constraint: (1, 6)...
[ Info: Working on constraint: (3, 6)...
[ Info: Working on constraint: (2, 4)...
[ Info: Working on constraint: (1, 5)...
[ Info: Working on constraint: (2, 3)...
[ Info: Working on constraint: (3, 5)...
[ Info: Working on constraint: (5, 6)...
┌ Info: Constraint: (5, 6)... done in 36.0 seconds.
└   (v, i) = (0.08201, 3)
┌ Info: Constraint: (2, 3)... done in 45.0 seconds.
└   (v, i) = (0.08201, 3)
[ Info: Working on constraint: (1, 4)...
┌ Info: Constraint: (1, 2)... done in 94.0 seconds.
└   (v, i) = (0.08201, 3)
[ Info: Working on constraint: (1, 3)...
┌ Info: Constraint: (3, 5)... done in 450.0 seconds.
└   (v, i) = (0.08506, 4)
[ Info: Working on constraint: (4, 5)...
┌ Info: Constraint: (4, 5)... done in 10.0 seconds.
└   (v, i) = (0.08201, 3)
┌ Info: Constraint: (2, 4)... done in 630.0 seconds.
└   (v, i) = (0.08506, 4)
[ Info: Working on constraint: (3, 4)...
┌ Info: Constraint: (3, 4)... done in 13.0 seconds.
└   (v, i) = (0.08201, 3)
┌ Info: Constraint: (1, 3)... done in 870.0 seconds.
└   (v, i) = (0.08506, 4)
┌ Info: Constraint: (3, 6)... done in 2900.0 seconds.
└   (v, i) = (0.0891, 5)
[ Info: Working on constraint: (4, 6)...
┌ Info: Constraint: (1, 4)... done in 2900.0 seconds.
└   (v, i) = (0.0891, 5)
┌ Info: Constraint: (4, 6)... done in 210.0 seconds.
└   (v, i) = (0.08506, 4)
┌ Info: Constraint: (1, 5)... done in 7600.0 seconds.
└   (v, i) = (0.09366, 6)
[ Info: Working on constraint: (2, 5)...
┌ Info: Constraint: (2, 5)... done in 2400.0 seconds.
└   (v, i) = (0.0891, 5)
┌ Info: Constraint: (1, 6)... done in 13000.0 seconds.
└   (v, i) = (0.09698, 7)
[ Info: Working on constraint: (2, 6)...
┌ Info: Constraint: (2, 6)... done in 4100.0 seconds.
└   (v, i) = (0.09366, 6)
┌ Info: Synthesizing finished for
│   name = "CSS"
│   strat = HoldAndKill (generic function with 3 methods)
└   (deviations, indices, time_taken) = ([0.08201 NaN … NaN NaN; 0.08506 0.08201 … NaN NaN; … ; 0.09366 0.0891 … 0.08201 NaN; 0.09698 0.09366 … 0.08506 0.08201], [3 -1 … -1 -1; 4 3 … -1 -1; … ; 6 5 … 3 -1; 7 6 … 4 3], [94.0 NaN … NaN NaN; 870.0 45.0 … NaN NaN; … ; 7600.0 2400.0 … 10.0 NaN; 13000.0 4100.0 … 210.0 36.0])
[ Info: Experiment finished.
