[ Info: Included as module
┌ Info: Threads: 
└   Threads.nthreads() = 1
┌ Info: Period is
│   hs[1] = 0.028
└   hs[2] = 0.028
┌ Info: Synthesizing for
│   name = "CC2"
│   strat = HoldAndKill (generic function with 3 methods)
│   n = 15
└   t = 100
[ Info: Working on constraint: (1, 2)...
┌ Info: Constraint: (1, 2)... done in 55.0 seconds.
└   (v, i) = (646.7, 102)
[ Info: Working on constraint: (1, 3)...
┌ Info: Constraint: (1, 3)... done in 280.0 seconds.
└   (v, i) = (2216.0, 58)
[ Info: Working on constraint: (2, 3)...
┌ Info: Constraint: (2, 3)... done in 14.0 seconds.
└   (v, i) = (11.47, 95)
[ Info: Working on constraint: (1, 4)...
┌ Info: Constraint: (1, 4)... done in 750.0 seconds.
└   (v, i) = (1956.0, 44)
[ Info: Working on constraint: (2, 4)...
┌ Info: Constraint: (2, 4)... done in 160.0 seconds.
└   (v, i) = (1189.0, 57)
[ Info: Working on constraint: (3, 4)...
┌ Info: Constraint: (3, 4)... done in 7.5 seconds.
└   (v, i) = (7.176, 95)
[ Info: Working on constraint: (1, 5)...
┌ Info: Constraint: (1, 5)... done in 1900.0 seconds.
└   (v, i) = (8186.0, 45)
[ Info: Working on constraint: (2, 5)...
┌ Info: Constraint: (2, 5)... done in 630.0 seconds.
└   (v, i) = (1567.0, 44)
[ Info: Working on constraint: (3, 5)...
┌ Info: Constraint: (3, 5)... done in 130.0 seconds.
└   (v, i) = (7104.0, 72)
[ Info: Working on constraint: (4, 5)...
┌ Info: Constraint: (4, 5)... done in 4.6 seconds.
└   (v, i) = (3.238, 96)
[ Info: Working on constraint: (1, 6)...
┌ Info: Constraint: (1, 6)... done in 3700.0 seconds.
└   (v, i) = (24700.0, 46)
[ Info: Working on constraint: (2, 6)...
┌ Info: Constraint: (2, 6)... done in 2100.0 seconds.
└   (v, i) = (7084.0, 45)
[ Info: Working on constraint: (3, 6)...
┌ Info: Constraint: (3, 6)... done in 800.0 seconds.
└   (v, i) = (8345.0, 59)
[ Info: Working on constraint: (4, 6)...
┌ Info: Constraint: (4, 6)... done in 140.0 seconds.
└   (v, i) = (1259.0, 103)
[ Info: Working on constraint: (5, 6)...
┌ Info: Constraint: (5, 6)... done in 5.2 seconds.
└   (v, i) = (1.099, 20)
┌ Info: Synthesizing finished for
│   name = "CC2"
│   strat = HoldAndKill (generic function with 3 methods)
└   (deviations, indices, time_taken) = ([646.7 NaN … NaN NaN; 2216.0 11.47 … NaN NaN; … ; 8186.0 1567.0 … 3.238 NaN; 24700.0 7084.0 … 1259.0 1.099], [102 -1 … -1 -1; 58 95 … -1 -1; … ; 45 44 … 96 -1; 46 45 … 103 20], [55.0 NaN … NaN NaN; 280.0 14.0 … NaN NaN; … ; 1900.0 630.0 … 4.6 NaN; 3700.0 2100.0 … 140.0 5.2])
[ Info: Experiment finished.
