[ Info: Included as module
┌ Info: Threads: 
└   Threads.nthreads() = 1
┌ Info: Period is
│   hs[1] = 0.04
└   hs[2] = 0.04
┌ Info: Using controller design method
└   ctrl = "pole_place"
┌ Info: Synthesizing for
│   name = "CC2"
│   strat = HoldAndKill (generic function with 3 methods)
│   n = 20
│   t = 100
└   x_0 = 1
┌ Info: System matrices and K
│   A =
│    4×4 Matrix{Float64}:
│     0.999936  0.0399431  0.000796901  2.63442e-5
│     ⋮                                 
│   B =
│    4×1 Matrix{Float64}:
│     0.0
│     ⋮
│   K =
│    1×4 Matrix{Float64}:
└     3.21315  4.71811  2.92959  0.281921
┌ Info: Poles are
│   poles =
│    1×4 adjoint(::Vector{Float64}) with eltype Float64:
└     0.0  0.9  0.9  0.9
[ Info: Working on constraint: (1, 2)...
┌ Info: Constraint: (1, 2)... done in 380.0 seconds.
└   (v, i) = (0.1302, 8)
┌ Info: Synthesizing finished for
│   name = "CC2"
│   strat = HoldAndKill (generic function with 3 methods)
└   (v, i, time_elapsed) = (0.1302, 8, 380.0)
[ Info: Experiment finished.
